This is pdfTeX, Version 3.14159265-2.6-1.40.18 (TeX Live 2017) (preloaded format=pdflatex 2017.8.4)  8 NOV 2017 22:28
entering extended mode
 restricted \write18 enabled.
 %&-line parsing enabled.
**thesis.tex
(./thesis.tex
LaTeX2e <2017-04-15>
Babel <3.10> and hyphenation patterns for 84 language(s) loaded.
(/usr/local/texlive/2017/texmf-dist/tex/latex/base/book.cls
Document Class: book 2014/09/29 v1.4h Standard LaTeX document class
(/usr/local/texlive/2017/texmf-dist/tex/latex/base/bk11.clo
File: bk11.clo 2014/09/29 v1.4h Standard LaTeX file (size option)
)
\c@part=\count79
\c@chapter=\count80
\c@section=\count81
\c@subsection=\count82
\c@subsubsection=\count83
\c@paragraph=\count84
\c@subparagraph=\count85
\c@figure=\count86
\c@table=\count87
\abovecaptionskip=\skip41
\belowcaptionskip=\skip42
\bibindent=\dimen102
) (./preamble.tex
(/usr/local/texlive/2017/texmf-dist/tex/latex/amsmath/amsmath.sty
Package: amsmath 2016/11/05 v2.16a AMS math features
\@mathmargin=\skip43

For additional information on amsmath, use the `?' option.
(/usr/local/texlive/2017/texmf-dist/tex/latex/amsmath/amstext.sty
Package: amstext 2000/06/29 v2.01 AMS text

(/usr/local/texlive/2017/texmf-dist/tex/latex/amsmath/amsgen.sty
File: amsgen.sty 1999/11/30 v2.0 generic functions
\@emptytoks=\toks14
\ex@=\dimen103
))
(/usr/local/texlive/2017/texmf-dist/tex/latex/amsmath/amsbsy.sty
Package: amsbsy 1999/11/29 v1.2d Bold Symbols
\pmbraise@=\dimen104
)
(/usr/local/texlive/2017/texmf-dist/tex/latex/amsmath/amsopn.sty
Package: amsopn 2016/03/08 v2.02 operator names
)
\inf@bad=\count88
LaTeX Info: Redefining \frac on input line 213.
\uproot@=\count89
\leftroot@=\count90
LaTeX Info: Redefining \overline on input line 375.
\classnum@=\count91
\DOTSCASE@=\count92
LaTeX Info: Redefining \ldots on input line 472.
LaTeX Info: Redefining \dots on input line 475.
LaTeX Info: Redefining \cdots on input line 596.
\Mathstrutbox@=\box26
\strutbox@=\box27
\big@size=\dimen105
LaTeX Font Info:    Redeclaring font encoding OML on input line 712.
LaTeX Font Info:    Redeclaring font encoding OMS on input line 713.
\macc@depth=\count93
\c@MaxMatrixCols=\count94
\dotsspace@=\muskip10
\c@parentequation=\count95
\dspbrk@lvl=\count96
\tag@help=\toks15
\row@=\count97
\column@=\count98
\maxfields@=\count99
\andhelp@=\toks16
\eqnshift@=\dimen106
\alignsep@=\dimen107
\tagshift@=\dimen108
\tagwidth@=\dimen109
\totwidth@=\dimen110
\lineht@=\dimen111
\@envbody=\toks17
\multlinegap=\skip44
\multlinetaggap=\skip45
\mathdisplay@stack=\toks18
LaTeX Info: Redefining \[ on input line 2817.
LaTeX Info: Redefining \] on input line 2818.
)
(/usr/local/texlive/2017/texmf-dist/tex/latex/amsfonts/amssymb.sty
Package: amssymb 2013/01/14 v3.01 AMS font symbols

(/usr/local/texlive/2017/texmf-dist/tex/latex/amsfonts/amsfonts.sty
Package: amsfonts 2013/01/14 v3.01 Basic AMSFonts support
\symAMSa=\mathgroup4
\symAMSb=\mathgroup5
LaTeX Font Info:    Overwriting math alphabet `\mathfrak' in version `bold'
(Font)                  U/euf/m/n --> U/euf/b/n on input line 106.
))
(./enumerate.sty
Package: enumerate 1999/03/05 v3.00 enumerate extensions (DPC)
\@enLab=\toks19
) (./quotchap.sty
Package: quotchap 1998/02/09 v0.9f Decorative Chapter Headings with Quotes

(/usr/local/texlive/2017/texmf-dist/tex/latex/graphics/color.sty
Package: color 2016/07/10 v1.1e Standard LaTeX Color (DPC)

(/usr/local/texlive/2017/texmf-dist/tex/latex/graphics-cfg/color.cfg
File: color.cfg 2016/01/02 v1.6 sample color configuration
)
Package color Info: Driver file: pdftex.def on input line 147.

(/usr/local/texlive/2017/texmf-dist/tex/latex/graphics-def/pdftex.def
File: pdftex.def 2017/01/12 v0.06k Graphics/color for pdfTeX

(/usr/local/texlive/2017/texmf-dist/tex/generic/oberdiek/infwarerr.sty
Package: infwarerr 2016/05/16 v1.4 Providing info/warning/error messages (HO)
)
(/usr/local/texlive/2017/texmf-dist/tex/generic/oberdiek/ltxcmds.sty
Package: ltxcmds 2016/05/16 v1.23 LaTeX kernel commands for general use (HO)
)
\Gread@gobject=\count100
))
\@quotebox=\box28
)
(./labfancy.sty
Package: labfancy 
\timehh=\count101
\timemm=\count102
\headruleth=\dimen112
) (./fancyhdr.sty
\headwidth=\dimen113
) (./tocbibind.sty
Package: tocbibind 2003/03/13 v1.5g extra ToC listings


Package tocbibind Note: The document has chapter divisions.


Package tocbibind Note: Using chapter style headings, unless overridden.

) (/usr/local/texlive/2017/texmf-dist/tex/latex/psnfss/pifont.sty
Package: pifont 2005/04/12 PSNFSS-v9.2a Pi font support (SPQR) 
LaTeX Font Info:    Try loading font information for U+pzd on input line 63.

(/usr/local/texlive/2017/texmf-dist/tex/latex/psnfss/upzd.fd
File: upzd.fd 2001/06/04 font definitions for U/pzd.
)
LaTeX Font Info:    Try loading font information for U+psy on input line 64.

(/usr/local/texlive/2017/texmf-dist/tex/latex/psnfss/upsy.fd
File: upsy.fd 2001/06/04 font definitions for U/psy.
))
(./acronym_cws.sty

LaTeX Warning: You have requested package `acronym_cws',
               but the package provides `acronym'.

Package: acronym 2000/05/21 v1.6 Support for acronyms
) (./caption_cws.sty

LaTeX Warning: You have requested package `caption_cws',
               but the package provides `cws_caption'.

Package: cws_caption 
) (./nicefrac.sty
Package: nicefrac 1998/08/04 v0.9b Nice fractions
\L@UnitsRaiseDisplaystyle=\skip46
\L@UnitsRaiseTextstyle=\skip47
\L@UnitsRaiseScriptstyle=\skip48
 (/usr/local/texlive/2017/texmf-dist/tex/latex/base/ifthen.sty
Package: ifthen 2014/09/29 v1.1c Standard LaTeX ifthen package (DPC)
)) (/usr/local/texlive/2017/texmf-dist/tex/latex/base/textcomp.sty
Package: textcomp 2017/04/05 v2.0i Standard LaTeX package
Package textcomp Info: Sub-encoding information:
(textcomp)               5 = only ISO-Adobe without \textcurrency
(textcomp)               4 = 5 + \texteuro
(textcomp)               3 = 4 + \textohm
(textcomp)               2 = 3 + \textestimated + \textcurrency
(textcomp)               1 = TS1 - \textcircled - \t
(textcomp)               0 = TS1 (full)
(textcomp)             Font families with sub-encoding setting implement
(textcomp)             only a restricted character set as indicated.
(textcomp)             Family '?' is the default used for unknown fonts.
(textcomp)             See the documentation for details.
Package textcomp Info: Setting ? sub-encoding to TS1/1 on input line 79.

(/usr/local/texlive/2017/texmf-dist/tex/latex/base/ts1enc.def
File: ts1enc.def 2001/06/05 v3.0e (jk/car/fm) Standard LaTeX file
)
LaTeX Info: Redefining \oldstylenums on input line 334.
Package textcomp Info: Setting cmr sub-encoding to TS1/0 on input line 349.
Package textcomp Info: Setting cmss sub-encoding to TS1/0 on input line 350.
Package textcomp Info: Setting cmtt sub-encoding to TS1/0 on input line 351.
Package textcomp Info: Setting cmvtt sub-encoding to TS1/0 on input line 352.
Package textcomp Info: Setting cmbr sub-encoding to TS1/0 on input line 353.
Package textcomp Info: Setting cmtl sub-encoding to TS1/0 on input line 354.
Package textcomp Info: Setting ccr sub-encoding to TS1/0 on input line 355.
Package textcomp Info: Setting ptm sub-encoding to TS1/4 on input line 356.
Package textcomp Info: Setting pcr sub-encoding to TS1/4 on input line 357.
Package textcomp Info: Setting phv sub-encoding to TS1/4 on input line 358.
Package textcomp Info: Setting ppl sub-encoding to TS1/3 on input line 359.
Package textcomp Info: Setting pag sub-encoding to TS1/4 on input line 360.
Package textcomp Info: Setting pbk sub-encoding to TS1/4 on input line 361.
Package textcomp Info: Setting pnc sub-encoding to TS1/4 on input line 362.
Package textcomp Info: Setting pzc sub-encoding to TS1/4 on input line 363.
Package textcomp Info: Setting bch sub-encoding to TS1/4 on input line 364.
Package textcomp Info: Setting put sub-encoding to TS1/5 on input line 365.
Package textcomp Info: Setting uag sub-encoding to TS1/5 on input line 366.
Package textcomp Info: Setting ugq sub-encoding to TS1/5 on input line 367.
Package textcomp Info: Setting ul8 sub-encoding to TS1/4 on input line 368.
Package textcomp Info: Setting ul9 sub-encoding to TS1/4 on input line 369.
Package textcomp Info: Setting augie sub-encoding to TS1/5 on input line 370.
Package textcomp Info: Setting dayrom sub-encoding to TS1/3 on input line 371.
Package textcomp Info: Setting dayroms sub-encoding to TS1/3 on input line 372.

Package textcomp Info: Setting pxr sub-encoding to TS1/0 on input line 373.
Package textcomp Info: Setting pxss sub-encoding to TS1/0 on input line 374.
Package textcomp Info: Setting pxtt sub-encoding to TS1/0 on input line 375.
Package textcomp Info: Setting txr sub-encoding to TS1/0 on input line 376.
Package textcomp Info: Setting txss sub-encoding to TS1/0 on input line 377.
Package textcomp Info: Setting txtt sub-encoding to TS1/0 on input line 378.
Package textcomp Info: Setting lmr sub-encoding to TS1/0 on input line 379.
Package textcomp Info: Setting lmdh sub-encoding to TS1/0 on input line 380.
Package textcomp Info: Setting lmss sub-encoding to TS1/0 on input line 381.
Package textcomp Info: Setting lmssq sub-encoding to TS1/0 on input line 382.
Package textcomp Info: Setting lmvtt sub-encoding to TS1/0 on input line 383.
Package textcomp Info: Setting lmtt sub-encoding to TS1/0 on input line 384.
Package textcomp Info: Setting qhv sub-encoding to TS1/0 on input line 385.
Package textcomp Info: Setting qag sub-encoding to TS1/0 on input line 386.
Package textcomp Info: Setting qbk sub-encoding to TS1/0 on input line 387.
Package textcomp Info: Setting qcr sub-encoding to TS1/0 on input line 388.
Package textcomp Info: Setting qcs sub-encoding to TS1/0 on input line 389.
Package textcomp Info: Setting qpl sub-encoding to TS1/0 on input line 390.
Package textcomp Info: Setting qtm sub-encoding to TS1/0 on input line 391.
Package textcomp Info: Setting qzc sub-encoding to TS1/0 on input line 392.
Package textcomp Info: Setting qhvc sub-encoding to TS1/0 on input line 393.
Package textcomp Info: Setting futs sub-encoding to TS1/4 on input line 394.
Package textcomp Info: Setting futx sub-encoding to TS1/4 on input line 395.
Package textcomp Info: Setting futj sub-encoding to TS1/4 on input line 396.
Package textcomp Info: Setting hlh sub-encoding to TS1/3 on input line 397.
Package textcomp Info: Setting hls sub-encoding to TS1/3 on input line 398.
Package textcomp Info: Setting hlst sub-encoding to TS1/3 on input line 399.
Package textcomp Info: Setting hlct sub-encoding to TS1/5 on input line 400.
Package textcomp Info: Setting hlx sub-encoding to TS1/5 on input line 401.
Package textcomp Info: Setting hlce sub-encoding to TS1/5 on input line 402.
Package textcomp Info: Setting hlcn sub-encoding to TS1/5 on input line 403.
Package textcomp Info: Setting hlcw sub-encoding to TS1/5 on input line 404.
Package textcomp Info: Setting hlcf sub-encoding to TS1/5 on input line 405.
Package textcomp Info: Setting pplx sub-encoding to TS1/3 on input line 406.
Package textcomp Info: Setting pplj sub-encoding to TS1/3 on input line 407.
Package textcomp Info: Setting ptmx sub-encoding to TS1/4 on input line 408.
Package textcomp Info: Setting ptmj sub-encoding to TS1/4 on input line 409.
)
(/usr/local/texlive/2017/texmf-dist/tex/latex/amsfonts/euscript.sty
Package: euscript 2009/06/22 v3.00 Euler Script fonts
LaTeX Font Info:    Overwriting math alphabet `\EuScript' in version `bold'
(Font)                  U/eus/m/n --> U/eus/b/n on input line 33.
)
(/usr/local/texlive/2017/texmf-dist/tex/latex/graphics/graphicx.sty
Package: graphicx 2014/10/28 v1.0g Enhanced LaTeX Graphics (DPC,SPQR)

(/usr/local/texlive/2017/texmf-dist/tex/latex/graphics/keyval.sty
Package: keyval 2014/10/28 v1.15 key=value parser (DPC)
\KV@toks@=\toks20
)
(/usr/local/texlive/2017/texmf-dist/tex/latex/graphics/graphics.sty
Package: graphics 2017/04/14 v1.1b Standard LaTeX Graphics (DPC,SPQR)

(/usr/local/texlive/2017/texmf-dist/tex/latex/graphics/trig.sty
Package: trig 2016/01/03 v1.10 sin cos tan (DPC)
)
(/usr/local/texlive/2017/texmf-dist/tex/latex/graphics-cfg/graphics.cfg
File: graphics.cfg 2016/06/04 v1.11 sample graphics configuration
)
Package graphics Info: Driver file: pdftex.def on input line 99.
)
\Gin@req@height=\dimen114
\Gin@req@width=\dimen115
)
(./multirow.sty
\bigstrutjot=\dimen116
) (./subfigure.sty
Package: subfigure 1995/03/06 v2.0 subfigure package

Package: subfigure 1995/03/06 v2.0
\c@subfigure=\count103
\c@lofdepth=\count104
\c@subtable=\count105
\c@lotdepth=\count106
)
Package color Info: Redefining color blue on input line 83.
Package color Info: Redefining color green on input line 84.
Package color Info: Redefining color red on input line 85.
Package color Info: Redefining color yellow on input line 86.
Package color Info: Redefining color magenta on input line 88.
 (./titlepages.sty
\barlength=\skip49
\VerticalOffset=\skip50
))
(/usr/local/texlive/2017/texmf-dist/tex/latex/hyperref/hyperref.sty
Package: hyperref 2017/03/14 v6.85a Hypertext links for LaTeX

(/usr/local/texlive/2017/texmf-dist/tex/generic/oberdiek/hobsub-hyperref.sty
Package: hobsub-hyperref 2016/05/16 v1.14 Bundle oberdiek, subset hyperref (HO)


(/usr/local/texlive/2017/texmf-dist/tex/generic/oberdiek/hobsub-generic.sty
Package: hobsub-generic 2016/05/16 v1.14 Bundle oberdiek, subset generic (HO)
Package: hobsub 2016/05/16 v1.14 Construct package bundles (HO)
Package hobsub Info: Skipping package `infwarerr' (already loaded).
Package hobsub Info: Skipping package `ltxcmds' (already loaded).
Package: ifluatex 2016/05/16 v1.4 Provides the ifluatex switch (HO)
Package ifluatex Info: LuaTeX not detected.
Package: ifvtex 2016/05/16 v1.6 Detect VTeX and its facilities (HO)
Package ifvtex Info: VTeX not detected.
Package: intcalc 2016/05/16 v1.2 Expandable calculations with integers (HO)
Package: ifpdf 2017/03/15 v3.2 Provides the ifpdf switch
Package: etexcmds 2016/05/16 v1.6 Avoid name clashes with e-TeX commands (HO)
Package etexcmds Info: Could not find \expanded.
(etexcmds)             That can mean that you are not using pdfTeX 1.50 or
(etexcmds)             that some package has redefined \expanded.
(etexcmds)             In the latter case, load this package earlier.
Package: kvsetkeys 2016/05/16 v1.17 Key value parser (HO)
Package: kvdefinekeys 2016/05/16 v1.4 Define keys (HO)
Package: pdftexcmds 2017/03/19 v0.25 Utility functions of pdfTeX for LuaTeX (HO
)
Package pdftexcmds Info: LuaTeX not detected.
Package pdftexcmds Info: \pdf@primitive is available.
Package pdftexcmds Info: \pdf@ifprimitive is available.
Package pdftexcmds Info: \pdfdraftmode found.
Package: pdfescape 2016/05/16 v1.14 Implements pdfTeX's escape features (HO)
Package: bigintcalc 2016/05/16 v1.4 Expandable calculations on big integers (HO
)
Package: bitset 2016/05/16 v1.2 Handle bit-vector datatype (HO)
Package: uniquecounter 2016/05/16 v1.3 Provide unlimited unique counter (HO)
)
Package hobsub Info: Skipping package `hobsub' (already loaded).
Package: letltxmacro 2016/05/16 v1.5 Let assignment for LaTeX macros (HO)
Package: hopatch 2016/05/16 v1.3 Wrapper for package hooks (HO)
Package: xcolor-patch 2016/05/16 xcolor patch
Package: atveryend 2016/05/16 v1.9 Hooks at the very end of document (HO)
Package atveryend Info: \enddocument detected (standard20110627).
Package: atbegshi 2016/06/09 v1.18 At begin shipout hook (HO)
Package: refcount 2016/05/16 v3.5 Data extraction from label references (HO)
Package: hycolor 2016/05/16 v1.8 Color options for hyperref/bookmark (HO)
)
(/usr/local/texlive/2017/texmf-dist/tex/generic/ifxetex/ifxetex.sty
Package: ifxetex 2010/09/12 v0.6 Provides ifxetex conditional
)
(/usr/local/texlive/2017/texmf-dist/tex/latex/oberdiek/auxhook.sty
Package: auxhook 2016/05/16 v1.4 Hooks for auxiliary files (HO)
)
(/usr/local/texlive/2017/texmf-dist/tex/latex/oberdiek/kvoptions.sty
Package: kvoptions 2016/05/16 v3.12 Key value format for package options (HO)
)
\@linkdim=\dimen117
\Hy@linkcounter=\count107
\Hy@pagecounter=\count108

(/usr/local/texlive/2017/texmf-dist/tex/latex/hyperref/pd1enc.def
File: pd1enc.def 2017/03/14 v6.85a Hyperref: PDFDocEncoding definition (HO)
)
\Hy@SavedSpaceFactor=\count109

(/usr/local/texlive/2017/texmf-dist/tex/latex/latexconfig/hyperref.cfg
File: hyperref.cfg 2002/06/06 v1.2 hyperref configuration of TeXLive
)
Package hyperref Info: Hyper figures OFF on input line 4498.
Package hyperref Info: Link nesting OFF on input line 4503.
Package hyperref Info: Hyper index ON on input line 4506.
Package hyperref Info: Plain pages OFF on input line 4513.
Package hyperref Info: Backreferencing OFF on input line 4518.
Package hyperref Info: Implicit mode ON; LaTeX internals redefined.
Package hyperref Info: Bookmarks ON on input line 4751.
\c@Hy@tempcnt=\count110

(/usr/local/texlive/2017/texmf-dist/tex/latex/url/url.sty
\Urlmuskip=\muskip11
Package: url 2013/09/16  ver 3.4  Verb mode for urls, etc.
)
LaTeX Info: Redefining \url on input line 5104.
\XeTeXLinkMargin=\dimen118
\Fld@menulength=\count111
\Field@Width=\dimen119
\Fld@charsize=\dimen120
Package hyperref Info: Hyper figures OFF on input line 6358.
Package hyperref Info: Link nesting OFF on input line 6363.
Package hyperref Info: Hyper index ON on input line 6366.
Package hyperref Info: backreferencing OFF on input line 6373.
Package hyperref Info: Link coloring OFF on input line 6378.
Package hyperref Info: Link coloring with OCG OFF on input line 6383.
Package hyperref Info: PDF/A mode OFF on input line 6388.
LaTeX Info: Redefining \ref on input line 6428.
LaTeX Info: Redefining \pageref on input line 6432.
\Hy@abspage=\count112
\c@Item=\count113
\c@Hfootnote=\count114
)

Package hyperref Message: Driver (autodetected): hpdftex.

(/usr/local/texlive/2017/texmf-dist/tex/latex/hyperref/hpdftex.def
File: hpdftex.def 2017/03/14 v6.85a Hyperref driver for pdfTeX
\Fld@listcount=\count115
\c@bookmark@seq@number=\count116

(/usr/local/texlive/2017/texmf-dist/tex/latex/oberdiek/rerunfilecheck.sty
Package: rerunfilecheck 2016/05/16 v1.8 Rerun checks for auxiliary files (HO)
Package uniquecounter Info: New unique counter `rerunfilecheck' on input line 2
82.
)
\Hy@SectionHShift=\skip51
)
Package hyperref Info: Option `colorlinks' set `true' on input line 10.

(/usr/local/texlive/2017/texmf-dist/tex/latex/doi/doi.sty
Package: doi 2007/07/24 handle doi numbers
)
(/usr/local/texlive/2017/texmf-dist/tex/latex/minitoc/minitoc.sty
Package: minitoc 2015/07/13 v61 Package minitoc

(/usr/local/texlive/2017/texmf-dist/tex/latex/minitoc/mtcmess.sty
Package: mtcmess 2006/03/14
)
Package minitoc Info: I0001
(minitoc)             *** minitoc package, version 61 ***.
\tf@mtc=\write3
\mtcindent=\skip52
\mtcskipamount=\skip53
Package minitoc Info: I0005
(minitoc)             compatible with hyperref.
Package minitoc Info: I0023
(minitoc)             part level macros available.
Package minitoc Info: I0003
(minitoc)             chapter level macros available.
\mtc@toks=\toks21
\mtc@strutbox=\box29
\mtc@hstrutbox=\box30
Package minitoc Info: I0002
(minitoc)             Autoconfiguration of extensions.
\openout3 = `thesis.mtc0'.

\openout3 = `thesis.mtc'.


(./thesis.mtc0)
Package minitoc Info: I0012
(minitoc)             Long extensions (Unix-like) will be used.
Package minitoc Info: I0031
(minitoc)             ==> this version is configured for UNIX-like 
(minitoc)                 (long extensions) file names.
\openout3 = `thesis.mtc'.

\openout3 = `thesis.mtc0'.

\c@mtc=\count117
\c@minitocdepth=\count118
\c@ptc=\count119
\c@parttocdepth=\count120
\ptcindent=\skip54
Package minitoc Info: I0010
(minitoc)             The english language is selected.
(minitoc)              on input line 4909.

(/usr/local/texlive/2017/texmf-dist/tex/latex/minitoc/english.mld
File: english.mld 2006/01/13
)
(/usr/local/texlive/2017/texmf-dist/tex/latex/minitoc/english.mld
File: english.mld 2006/01/13
))
(/usr/local/texlive/2017/texmf-dist/tex/latex/natbib/natbib.sty
Package: natbib 2010/09/13 8.31b (PWD, AO)
\bibhang=\skip55
\bibsep=\skip56
LaTeX Info: Redefining \cite on input line 694.
\c@NAT@ctr=\count121
)
(./aas_macros.sty) (./kevsphdthesis.sty
\@titlesupervisor=\box31
\@abstractsupervisor=\box32
)
(/usr/local/texlive/2017/texmf-dist/tex/latex/graphics/rotating.sty
Package: rotating 2016/08/11 v2.16d rotated objects in LaTeX
\c@r@tfl@t=\count122
\rotFPtop=\skip57
\rotFPbot=\skip58
\rot@float@box=\box33
\rot@mess@toks=\toks22
)
(/usr/local/texlive/2017/texmf-dist/tex/latex/psnfss/times.sty
Package: times 2005/04/12 PSNFSS-v9.2a (SPQR) 
)
(/usr/local/texlive/2017/texmf-dist/tex/generic/pictex/pictex.sty
(/usr/local/texlive/2017/texmf-dist/tex/generic/pictex/prepictex.tex)
(/usr/local/texlive/2017/texmf-dist/tex/generic/pictex/pictex.tex)
(/usr/local/texlive/2017/texmf-dist/tex/generic/pictex/postpictex.tex)
(/usr/local/texlive/2017/texmf-dist/tex/generic/pictex/picmore.tex)
(/usr/local/texlive/2017/texmf-dist/tex/generic/pictex/piccorr.sty))
(/usr/local/texlive/2017/texmf-dist/tex/latex/base/latexsym.sty
Package: latexsym 1998/08/17 v2.2e Standard LaTeX package (lasy symbols)
\symlasy=\mathgroup6
LaTeX Font Info:    Overwriting symbol font `lasy' in version `bold'
(Font)                  U/lasy/m/n --> U/lasy/b/n on input line 52.
)
(/usr/local/texlive/2017/texmf-dist/tex/latex/tools/longtable.sty
Package: longtable 2014/10/28 v4.11 Multi-page Table package (DPC)
\LTleft=\skip59
\LTright=\skip60
\LTpre=\skip61
\LTpost=\skip62
\LTchunksize=\count139
\LTcapwidth=\dimen287
\LT@head=\box40
\LT@firsthead=\box41
\LT@foot=\box42
\LT@lastfoot=\box43
\LT@cols=\count140
\LT@rows=\count141
\c@LT@tables=\count142
\c@LT@chunks=\count143
\LT@p@ftn=\toks26
)
(./thesis.aux (./titlepage.aux) (./Introduction.aux) (./NumericalMethod.aux)
(./Verification.aux) (./BinaryJets.aux) (./EvacCavity.aux) (./Conclusion.aux)
(./Index.aux) (./MHD.aux))
\openout1 = `thesis.aux'.

LaTeX Font Info:    Checking defaults for OML/cmm/m/it on input line 27.
LaTeX Font Info:    ... okay on input line 27.
LaTeX Font Info:    Checking defaults for T1/cmr/m/n on input line 27.
LaTeX Font Info:    ... okay on input line 27.
LaTeX Font Info:    Checking defaults for OT1/cmr/m/n on input line 27.
LaTeX Font Info:    ... okay on input line 27.
LaTeX Font Info:    Checking defaults for OMS/cmsy/m/n on input line 27.
LaTeX Font Info:    ... okay on input line 27.
LaTeX Font Info:    Checking defaults for OMX/cmex/m/n on input line 27.
LaTeX Font Info:    ... okay on input line 27.
LaTeX Font Info:    Checking defaults for U/cmr/m/n on input line 27.
LaTeX Font Info:    ... okay on input line 27.
LaTeX Font Info:    Checking defaults for TS1/cmr/m/n on input line 27.
LaTeX Font Info:    Try loading font information for TS1+cmr on input line 27.

(/usr/local/texlive/2017/texmf-dist/tex/latex/base/ts1cmr.fd
File: ts1cmr.fd 2014/09/29 v2.5h Standard LaTeX font definitions
)
LaTeX Font Info:    ... okay on input line 27.
LaTeX Font Info:    Checking defaults for PD1/pdf/m/n on input line 27.
LaTeX Font Info:    ... okay on input line 27.
LaTeX Font Info:    Try loading font information for OT1+ptm on input line 27.

(/usr/local/texlive/2017/texmf-dist/tex/latex/psnfss/ot1ptm.fd
File: ot1ptm.fd 2001/06/04 font definitions for OT1/ptm.
)
(/usr/local/texlive/2017/texmf-dist/tex/context/base/mkii/supp-pdf.mkii
[Loading MPS to PDF converter (version 2006.09.02).]
\scratchcounter=\count144
\scratchdimen=\dimen288
\scratchbox=\box44
\nofMPsegments=\count145
\nofMParguments=\count146
\everyMPshowfont=\toks27
\MPscratchCnt=\count147
\MPscratchDim=\dimen289
\MPnumerator=\count148
\makeMPintoPDFobject=\count149
\everyMPtoPDFconversion=\toks28
) (/usr/local/texlive/2017/texmf-dist/tex/latex/oberdiek/epstopdf-base.sty
Package: epstopdf-base 2016/05/15 v2.6 Base part for package epstopdf

(/usr/local/texlive/2017/texmf-dist/tex/latex/oberdiek/grfext.sty
Package: grfext 2016/05/16 v1.2 Manage graphics extensions (HO)
)
Package epstopdf-base Info: Redefining graphics rule for `.eps' on input line 4
38.
Package grfext Info: Graphics extension search list:
(grfext)             [.png,.pdf,.jpg,.mps,.jpeg,.jbig2,.jb2,.PNG,.PDF,.JPG,.JPE
G,.JBIG2,.JB2,.eps]
(grfext)             \AppendGraphicsExtensions on input line 456.

(/usr/local/texlive/2017/texmf-dist/tex/latex/latexconfig/epstopdf-sys.cfg
File: epstopdf-sys.cfg 2010/07/13 v1.3 Configuration of (r)epstopdf for TeX Liv
e
))
\AtBeginShipoutBox=\box45
Package hyperref Info: Link coloring ON on input line 27.

(/usr/local/texlive/2017/texmf-dist/tex/latex/hyperref/nameref.sty
Package: nameref 2016/05/21 v2.44 Cross-referencing by name of section

(/usr/local/texlive/2017/texmf-dist/tex/generic/oberdiek/gettitlestring.sty
Package: gettitlestring 2016/05/16 v1.5 Cleanup title references (HO)
)
\c@section@level=\count150
)
LaTeX Info: Redefining \ref on input line 27.
LaTeX Info: Redefining \pageref on input line 27.
LaTeX Info: Redefining \nameref on input line 27.

(./thesis.out) (./thesis.out)
\@outlinefile=\write5
\openout5 = `thesis.out'.

\c@minilofdepth=\count151
\c@minilotdepth=\count152
\c@partlofdepth=\count153
\c@partlotdepth=\count154
\c@sectlofdepth=\count155
\c@sectlotdepth=\count156
Package minitoc(hints) Info: I0049
(minitoc(hints))             ==> You requested the hints option. 
(minitoc(hints))             Some hints are eventually given below.
Package minitoc(hints) Info: I0046
(minitoc(hints))             --- The tocbibind package is loaded. 
(minitoc(hints))             See the minitoc package documentation 
(minitoc(hints))             for specific precautions.


Package minitoc(hints) Warning: W0030
(minitoc(hints))                --- The \part command is altered 
(minitoc(hints))                after minitoc.


Package minitoc(hints) Warning: W0023
(minitoc(hints))                --- It may be the consequence 
(minitoc(hints))                of loading the ``hyperref'' package.


Package minitoc(hints) Warning: W0028
(minitoc(hints))                --- The \chapter command is altered 
(minitoc(hints))                after minitoc.


Package minitoc(hints) Warning: W0023
(minitoc(hints))                --- It may be the consequence 
(minitoc(hints))                of loading the ``hyperref'' package.

Package minitoc Info: I0024
(minitoc)             PREPARING MINITOCS FROM thesis.toc on input line 30.
Package minitoc Info: I0033
(minitoc)             Writing thesis.mtc1.
\openout3 = `thesis.mtc1'.

Package minitoc Info: I0033
(minitoc)             Writing thesis.mtc2.
\openout3 = `thesis.mtc2'.

Package minitoc Info: I0033
(minitoc)             Writing thesis.mtc3.
\openout3 = `thesis.mtc3'.

Package minitoc Info: I0033
(minitoc)             Writing thesis.mtc4.
\openout3 = `thesis.mtc4'.

Package minitoc Info: I0033
(minitoc)             Writing thesis.mtc5.
\openout3 = `thesis.mtc5'.

Package minitoc Info: I0033
(minitoc)             Writing thesis.mtc6.
\openout3 = `thesis.mtc6'.

Package minitoc Info: I0033
(minitoc)             Writing thesis.mtc7.
\openout3 = `thesis.mtc7'.

Package minitoc Info: I0033
(minitoc)             Writing thesis.mtc8.
\openout3 = `thesis.mtc8'.

Package minitoc Info: I0033
(minitoc)             Writing thesis.mtc9.
\openout3 = `thesis.mtc9'.

Package minitoc Info: I0033
(minitoc)             Writing thesis.mtc10.
\openout3 = `thesis.mtc10'.

Package minitoc Info: I0033
(minitoc)             Writing thesis.mtc11.
\openout3 = `thesis.mtc11'.

Package minitoc Info: I0033
(minitoc)             Writing thesis.mtc12.
\openout3 = `thesis.mtc12'.

\openout2 = `titlepage.aux'.

(./titlepage.tex
LaTeX Font Info:    Font shape `OT1/ptm/bx/n' in size <10.95> not available
(Font)              Font shape `OT1/ptm/b/n' tried instead on input line 3.
) <COSMOGRIDlogo.pdf, id=490, 1027.84pt x 643.40375pt>
File: COSMOGRIDlogo.pdf Graphic file (type pdf)

<use COSMOGRIDlogo.pdf>
Package pdftex.def Info: COSMOGRIDlogo.pdf used on input line 38.
(pdftex.def)             Requested size: 113.81102pt x 71.23605pt.
LaTeX Font Info:    Font shape `OT1/ptm/bx/n' in size <17.28> not available
(Font)              Font shape `OT1/ptm/b/n' tried instead on input line 38.
LaTeX Font Info:    Font shape `OT1/ptm/bx/n' in size <14.4> not available
(Font)              Font shape `OT1/ptm/b/n' tried instead on input line 38.
LaTeX Font Info:    Font shape `OT1/ptm/bx/n' in size <12> not available
(Font)              Font shape `OT1/ptm/b/n' tried instead on input line 38.
 <crest.pdf, id=491, 203.76125pt x 272.01625pt>
File: crest.pdf Graphic file (type pdf)

<use crest.pdf>
Package pdftex.def Info: crest.pdf used on input line 38.
(pdftex.def)             Requested size: 85.35826pt x 113.95134pt.
 <seal.pdf, id=492, 787.94376pt x 645.41125pt>
File: seal.pdf Graphic file (type pdf)
 <use seal.pdf>
Package pdftex.def Info: seal.pdf used on input line 38.
(pdftex.def)             Requested size: 113.81102pt x 93.22278pt.

[1




{/usr/local/texlive/2017/texmf-var/fonts/map/pdftex/updmap/pdftex.map} <./COSMO
GRIDlogo.pdf> <./crest.pdf> <./seal.pdf>] (./Declaration.tex
Underfull \hbox (badness 10000) in paragraph at lines 4--7

 []


Overfull \hbox (13.87183pt too wide) in paragraph at lines 12--14
[]|  [] 
 []

)
Underfull \vbox (badness 10000) has occurred while \output is active []

 [2]
(./summary.tex)
LaTeX Font Info:    Try loading font information for U+msa on input line 45.
 (/usr/local/texlive/2017/texmf-dist/tex/latex/amsfonts/umsa.fd
File: umsa.fd 2013/01/14 v3.01 AMS symbols A
)
LaTeX Font Info:    Try loading font information for U+msb on input line 45.
(/usr/local/texlive/2017/texmf-dist/tex/latex/amsfonts/umsb.fd
File: umsb.fd 2013/01/14 v3.01 AMS symbols B
)
LaTeX Font Info:    Try loading font information for U+lasy on input line 45.

(/usr/local/texlive/2017/texmf-dist/tex/latex/base/ulasy.fd
File: ulasy.fd 1998/08/17 v2.2e LaTeX symbol font definitions
) [1

]
(./acknowledgments.tex
Underfull \vbox (badness 10000) has occurred while \output is active []

 [2])
Underfull \vbox (badness 10000) has occurred while \output is active []

 [3]
(./Publications.tex
Underfull \hbox (badness 10000) in paragraph at lines 4--26

 []


Underfull \hbox (badness 10000) in paragraph at lines 4--26

 []


Underfull \hbox (badness 10000) in paragraph at lines 4--26

 []


Underfull \hbox (badness 10000) in paragraph at lines 4--26

 []

)
Underfull \hbox (badness 10000) in paragraph at lines 31--56

 []


Underfull \hbox (badness 10000) in paragraph at lines 31--56

 []


Underfull \hbox (badness 10000) in paragraph at lines 31--56

 []


Underfull \hbox (badness 10000) in paragraph at lines 31--56

 []


Underfull \hbox (badness 10000) in paragraph at lines 31--56

 []


Underfull \hbox (badness 10000) in paragraph at lines 31--56

 []


Underfull \hbox (badness 10000) in paragraph at lines 31--56

 []

[4]
Underfull \vbox (badness 10000) has occurred while \output is active []

 [5]
[6

]
LaTeX Font Info:    Try loading font information for T1+pbk on input line 60.
 (/usr/local/texlive/2017/texmf-dist/tex/latex/psnfss/t1pbk.fd
File: t1pbk.fd 2001/06/04 font definitions for T1/pbk.
)
LaTeX Font Info:    Font shape `T1/pbk/b/n' in size <20.74> not available
(Font)              Font shape `T1/pbk/db/n' tried instead on input line 60.
LaTeX Font Info:    Font shape `T1/pbk/b/n' in size <100> not available
(Font)              Font shape `T1/pbk/db/n' tried instead on input line 60.

(./thesis.toc [7]
LaTeX Font Info:    Font shape `U/lasy/b/n' in size <8> not available
(Font)              Font shape `U/lasy/m/n' tried instead on input line 53.
LaTeX Font Info:    Font shape `U/lasy/b/n' in size <6> not available
(Font)              Font shape `U/lasy/m/n' tried instead on input line 53.

Underfull \vbox (badness 1137) has occurred while \output is active []

 [8]
[9]
Underfull \vbox (badness 1137) has occurred while \output is active []

 [10])
\tf@toc=\write6
\openout6 = `thesis.toc'.


[11] [12

] (./thesis.lof
Underfull \vbox (badness 1946) has occurred while \output is active []

 [13]
Underfull \vbox (badness 4595) has occurred while \output is active []

 [14]
Underfull \vbox (badness 10000) has occurred while \output is active []

 [15]
Underfull \vbox (badness 10000) has occurred while \output is active []

 [16]
Underfull \vbox (badness 10000) has occurred while \output is active []

 [17])
\tf@lof=\write7
\openout7 = `thesis.lof'.


Underfull \vbox (badness 10000) has occurred while \output is active []

 [18]
[19] [20

] (./thesis.lot)
\tf@lot=\write8
\openout8 = `thesis.lot'.

 [21] [22

]
\openout2 = `Introduction.aux'.

 (./Introduction.tex
Chapter 1.
[1


] <protostellar_jets.pdf, id=1121, 803.0pt x 602.25pt>
File: protostellar_jets.pdf Graphic file (type pdf)

<use protostellar_jets.pdf>
Package pdftex.def Info: protostellar_jets.pdf used on input line 86.
(pdftex.def)             Requested size: 432.0pt x 324.00632pt.

Underfull \vbox (badness 10000) has occurred while \output is active []


Overfull \hbox (23.24408pt too wide) has occurred while \output is active
[]
 []

[2]
Underfull \vbox (badness 5954) has occurred while \output is active []


Overfull \hbox (23.24408pt too wide) has occurred while \output is active
[]
 []

[3 <./protostellar_jets.pdf>] <taurus.pdf, id=1154, 605.26125pt x 952.55875pt>
File: taurus.pdf Graphic file (type pdf)

<use taurus.pdf>
Package pdftex.def Info: taurus.pdf used on input line 129.
(pdftex.def)             Requested size: 142.26378pt x 223.89494pt.
 <molecular_cloud.pdf, id=1155, 745.78625pt x 803.0pt>
File: molecular_cloud.pdf Graphic file (type pdf)

<use molecular_cloud.pdf>
Package pdftex.def Info: molecular_cloud.pdf used on input line 132.
(pdftex.def)             Requested size: 142.26378pt x 153.17197pt.

Overfull \hbox (23.24408pt too wide) has occurred while \output is active
[]
 []

[4 <./taurus.pdf> <./molecular_cloud.pdf>]
Overfull \hbox (23.24408pt too wide) has occurred while \output is active
[]
 []

[5] <MagneticSlingshot.pdf, id=1207, 1034.86626pt x 939.51pt>
File: MagneticSlingshot.pdf Graphic file (type pdf)

<use MagneticSlingshot.pdf>
Package pdftex.def Info: MagneticSlingshot.pdf used on input line 234.
(pdftex.def)             Requested size: 345.60132pt x 313.75221pt.

Overfull \hbox (23.24408pt too wide) has occurred while \output is active
[]
 []

[6 <./MagneticSlingshot.pdf>] <evolution.pdf, id=1236, 554.07pt x 756.8275pt>
File: evolution.pdf Graphic file (type pdf)

<use evolution.pdf>
Package pdftex.def Info: evolution.pdf used on input line 294.
(pdftex.def)             Requested size: 398.33858pt x 544.10701pt.

Overfull \hbox (23.24408pt too wide) has occurred while \output is active
[]
 []

[7]
Overfull \hbox (23.24408pt too wide) has occurred while \output is active
[]
 []

[8 <./evolution.pdf>]
Overfull \hbox (23.24408pt too wide) has occurred while \output is active
[]
 []

[9

]
Underfull \vbox (badness 10000) has occurred while \output is active []


Overfull \hbox (23.24408pt too wide) has occurred while \output is active
[]
 []

[10]
LaTeX Font Info:    Try loading font information for TS1+ptm on input line 426.

 (/usr/local/texlive/2017/texmf-dist/tex/latex/psnfss/ts1ptm.fd
File: ts1ptm.fd 2001/06/04 font definitions for TS1/ptm.
)
<pudritz86.pdf, id=1328, 138.2766pt x 163.61125pt>
File: pudritz86.pdf Graphic file (type pdf)
 <use pudritz86.pdf>
Package pdftex.def Info: pudritz86.pdf used on input line 437.
(pdftex.def)             Requested size: 199.16928pt x 235.6774pt.

Overfull \hbox (23.24408pt too wide) has occurred while \output is active
[]
 []

[11]
Overfull \hbox (23.24408pt too wide) has occurred while \output is active
[]
 []

[12 <./pudritz86.pdf>] <shu94_3.pdf, id=1386, 133.6995pt x 89.33376pt>
File: shu94_3.pdf Graphic file (type pdf)

<use shu94_3.pdf>
Package pdftex.def Info: shu94_3.pdf used on input line 477.
(pdftex.def)             Requested size: 388.79736pt x 259.80412pt.

Overfull \hbox (23.24408pt too wide) has occurred while \output is active
[]
 []

[13 <./shu94_3.pdf>]
Overfull \hbox (23.24408pt too wide) has occurred while \output is active
[]
 []

[14] <HDWaves.pdf, id=1467, 879.285pt x 523.9575pt>
File: HDWaves.pdf Graphic file (type pdf)
 <use HDWaves.pdf>
Package pdftex.def Info: HDWaves.pdf used on input line 574.
(pdftex.def)             Requested size: 227.62204pt x 135.63411pt.

Underfull \vbox (badness 10000) has occurred while \output is active []


Overfull \hbox (23.24408pt too wide) has occurred while \output is active
[]
 []

[15 <./HDWaves.pdf>] <JetSchematic.pdf, id=1475, 803.0pt x 547.04375pt>
File: JetSchematic.pdf Graphic file (type pdf)

<use JetSchematic.pdf>
Package pdftex.def Info: JetSchematic.pdf used on input line 590.
(pdftex.def)             Requested size: 284.52756pt x 193.83878pt.
 <redone_shock.pdf, id=1477, 598.235pt x 254.9525pt>
File: redone_shock.pdf Graphic file (type pdf)

<use redone_shock.pdf>
Package pdftex.def Info: redone_shock.pdf used on input line 612.
(pdftex.def)             Requested size: 284.52756pt x 121.2593pt.

Overfull \hbox (23.24408pt too wide) has occurred while \output is active
[]
 []

[16 <./JetSchematic.pdf>] <MHDSevenWaves.pdf, id=1489, 879.285pt x 523.9575pt>
File: MHDSevenWaves.pdf Graphic file (type pdf)

<use MHDSevenWaves.pdf>
Package pdftex.def Info: MHDSevenWaves.pdf used on input line 649.
(pdftex.def)             Requested size: 227.62204pt x 135.63411pt.

Overfull \hbox (23.24408pt too wide) has occurred while \output is active
[]
 []

[17 <./redone_shock.pdf> <./MHDSevenWaves.pdf>]
<CJShock.pdf, id=1509, 532.99126pt x 440.64626pt>
File: CJShock.pdf Graphic file (type pdf)
 <use CJShock.pdf>
Package pdftex.def Info: CJShock.pdf used on input line 682.
(pdftex.def)             Requested size: 432.0pt x 357.16356pt.

Underfull \vbox (badness 10000) has occurred while \output is active []


Overfull \hbox (23.24408pt too wide) has occurred while \output is active
[]
 []

[18 <./CJShock.pdf>] <jet_diagram.pdf, id=1525, 833.1125pt x 311.1625pt>
File: jet_diagram.pdf Graphic file (type pdf)

<use jet_diagram.pdf>
Package pdftex.def Info: jet_diagram.pdf used on input line 718.
(pdftex.def)             Requested size: 432.0pt x 161.34962pt.

Underfull \vbox (badness 10000) has occurred while \output is active []


Overfull \hbox (23.24408pt too wide) has occurred while \output is active
[]
 []

[19 <./jet_diagram.pdf>]
Overfull \hbox (23.24408pt too wide) has occurred while \output is active
[]
 []

[20]
Overfull \hbox (23.24408pt too wide) has occurred while \output is active
[]
 []

[21]
Overfull \hbox (23.24408pt too wide) has occurred while \output is active
[]
 []

[22]
Overfull \hbox (23.24408pt too wide) has occurred while \output is active
[]
 []

[23]
Overfull \hbox (23.24408pt too wide) has occurred while \output is active
[]
 []

[24]
<NumericalMethodsforTheFluidEquations.pdf, id=1598, 1213.53375pt x 1039.885pt>
File: NumericalMethodsforTheFluidEquations.pdf Graphic file (type pdf)

<use NumericalMethodsforTheFluidEquations.pdf>
Package pdftex.def Info: NumericalMethodsforTheFluidEquations.pdf used on input
 line 1107.
(pdftex.def)             Requested size: 426.79134pt x 365.72647pt.

Overfull \hbox (23.24408pt too wide) has occurred while \output is active
[]
 []

[25]
Underfull \vbox (badness 10000) has occurred while \output is active []


Overfull \hbox (23.24408pt too wide) has occurred while \output is active
[]
 []

[26 <./NumericalMethodsforTheFluidEquations.pdf>]
Underfull \vbox (badness 1629) has occurred while \output is active []


Overfull \hbox (23.24408pt too wide) has occurred while \output is active
[]
 []

[27])
Overfull \hbox (23.24408pt too wide) has occurred while \output is active
[]
 []

[28]
\openout2 = `NumericalMethod.aux'.

 (./NumericalMethod.tex
Chapter 2.
[29



]
Overfull \hbox (23.24408pt too wide) has occurred while \output is active
[]
 []

[30]
Overfull \hbox (23.24408pt too wide) has occurred while \output is active
[]
 []

[31] <RiemannProblem.pdf, id=1739, 885.3075pt x 700.6175pt>
File: RiemannProblem.pdf Graphic file (type pdf)

<use RiemannProblem.pdf>
Package pdftex.def Info: RiemannProblem.pdf used on input line 277.
(pdftex.def)             Requested size: 432.0pt x 341.88373pt.

Overfull \hbox (23.24408pt too wide) has occurred while \output is active
[]
 []

[32]
Underfull \vbox (badness 10000) has occurred while \output is active []


Overfull \hbox (23.24408pt too wide) has occurred while \output is active
[]
 []

[33 <./RiemannProblem.pdf>]
Underfull \vbox (badness 10000) has occurred while \output is active []


Overfull \hbox (23.24408pt too wide) has occurred while \output is active
[]
 []

[34]
Overfull \hbox (23.24408pt too wide) has occurred while \output is active
[]
 []

[35]
Overfull \hbox (23.24408pt too wide) has occurred while \output is active
[]
 []

[36] <Reconstruction.pdf, id=1801, 417.56pt x 565.11125pt>
File: Reconstruction.pdf Graphic file (type pdf)

<use Reconstruction.pdf>
Package pdftex.def Info: Reconstruction.pdf used on input line 503.
(pdftex.def)             Requested size: 227.62204pt x 308.06143pt.

Overfull \hbox (23.24408pt too wide) has occurred while \output is active
[]
 []

[37 <./Reconstruction.pdf>] <cooling.pdf, id=1814, 614.295pt x 794.97pt>
File: cooling.pdf Graphic file (type pdf)

<use cooling.pdf>
Package pdftex.def Info: cooling.pdf used on input line 536.
(pdftex.def)             Requested size: 426.79134pt x 552.32666pt.

Overfull \hbox (23.24408pt too wide) has occurred while \output is active
[]
 []

[38]
Overfull \hbox (9.28786pt too wide) detected at line 599
[]\OML/cmm/m/it/10.95 q\OT1/cmr/m/n/10.95 (\OML/cmm/m/it/10.95 x; y; t[]\OT1/cm
r/m/n/10.95 ) = \OML/cmm/m/it/10.95 q\OT1/cmr/m/n/10.95 (\OML/cmm/m/it/10.95 x;
 y; t[]\OT1/cmr/m/n/10.95 ) + \OML/cmm/m/it/10.95 u\OT1/cmr/m/n/10.95 ^^A\OML/c
mm/m/it/10.95 tq[] \OMS/cmsy/m/n/10.95 ^^@ \OML/cmm/m/it/10.95 v\OT1/cmr/m/n/10
.95 ^^A\OML/cmm/m/it/10.95 tq[] \OT1/cmr/m/n/10.95 + [](^^A\OML/cmm/m/it/10.95 
t\OT1/cmr/m/n/10.95 )[] [] + \OMS/cmsy/m/n/10.95 O\OT1/cmr/m/n/10.95 ((^^A\OML/
cmm/m/it/10.95 t\OT1/cmr/m/n/10.95 )[])
 []

<ctu.pdf, id=1828, 616.80438pt x 283.63966pt>
File: ctu.pdf Graphic file (type pdf)
 <use ctu.pdf>
Package pdftex.def Info: ctu.pdf used on input line 606.
(pdftex.def)             Requested size: 256.0748pt x 117.7602pt.

Overfull \hbox (23.24408pt too wide) has occurred while \output is active
[]
 []

[39]

Package hyperref Warning: Token not allowed in a PDF string (PDFDocEncoding):
(hyperref)                removing `math shift' on input line 692.


Package hyperref Warning: Token not allowed in a PDF string (PDFDocEncoding):
(hyperref)                removing `\begingroup' on input line 692.


Package hyperref Warning: Token not allowed in a PDF string (PDFDocEncoding):
(hyperref)                removing `\<let>-command' on input line 692.


Package hyperref Warning: Token not allowed in a PDF string (PDFDocEncoding):
(hyperref)                removing `\@nomath' on input line 692.


Package hyperref Warning: Token not allowed in a PDF string (PDFDocEncoding):
(hyperref)                removing `\begingroup' on input line 692.


Package hyperref Warning: Token not allowed in a PDF string (PDFDocEncoding):
(hyperref)                removing `\setbox' on input line 692.


Package hyperref Warning: Token not allowed in a PDF string (PDFDocEncoding):
(hyperref)                removing `\z@' on input line 692.


Package hyperref Warning: Token not allowed in a PDF string (PDFDocEncoding):
(hyperref)                removing `\hbox' on input line 692.


Package hyperref Warning: Token not allowed in a PDF string (PDFDocEncoding):
(hyperref)                removing `\thinmuskip' on input line 692.


Package hyperref Warning: Token not allowed in a PDF string (PDFDocEncoding):
(hyperref)                removing `\medmuskip' on input line 692.


Package hyperref Warning: Token not allowed in a PDF string (PDFDocEncoding):
(hyperref)                removing `\m@ne' on input line 692.


Package hyperref Warning: Token not allowed in a PDF string (PDFDocEncoding):
(hyperref)                removing `\thickmuskip' on input line 692.


Package hyperref Warning: Token not allowed in a PDF string (PDFDocEncoding):
(hyperref)                removing `\@ne' on input line 692.


Package hyperref Warning: Token not allowed in a PDF string (PDFDocEncoding):
(hyperref)                removing `\setbox' on input line 692.


Package hyperref Warning: Token not allowed in a PDF string (PDFDocEncoding):
(hyperref)                removing `\tw@' on input line 692.


Package hyperref Warning: Token not allowed in a PDF string (PDFDocEncoding):
(hyperref)                removing `\hbox' on input line 692.


Package hyperref Warning: Token not allowed in a PDF string (PDFDocEncoding):
(hyperref)                removing `math shift' on input line 692.


Package hyperref Warning: Token not allowed in a PDF string (PDFDocEncoding):
(hyperref)                removing `\nabla' on input line 692.


Package hyperref Warning: Token not allowed in a PDF string (PDFDocEncoding):
(hyperref)                removing `\mathsurround' on input line 692.


Package hyperref Warning: Token not allowed in a PDF string (PDFDocEncoding):
(hyperref)                removing `\z@' on input line 692.


Package hyperref Warning: Token not allowed in a PDF string (PDFDocEncoding):
(hyperref)                removing `math shift' on input line 692.


Package hyperref Warning: Token not allowed in a PDF string (PDFDocEncoding):
(hyperref)                removing `math shift' on input line 692.


Package hyperref Warning: Token not allowed in a PDF string (PDFDocEncoding):
(hyperref)                removing `\nabla' on input line 692.


Package hyperref Warning: Token not allowed in a PDF string (PDFDocEncoding):
(hyperref)                removing `\mathsurround' on input line 692.


Package hyperref Warning: Token not allowed in a PDF string (PDFDocEncoding):
(hyperref)                removing `\z@' on input line 692.


Package hyperref Warning: Token not allowed in a PDF string (PDFDocEncoding):
(hyperref)                removing `math shift' on input line 692.


Package hyperref Warning: Token not allowed in a PDF string (PDFDocEncoding):
(hyperref)                removing `\<def>-command' on input line 692.


Package hyperref Warning: Token not allowed in a PDF string (PDFDocEncoding):
(hyperref)                removing `\@tempa' on input line 692.


Package hyperref Warning: Token not allowed in a PDF string (PDFDocEncoding):
(hyperref)                removing `\mathchoice' on input line 692.


Package hyperref Warning: Token not allowed in a PDF string (PDFDocEncoding):
(hyperref)                removing `\hbox' on input line 692.


Package hyperref Warning: Token not allowed in a PDF string (PDFDocEncoding):
(hyperref)                removing `math shift' on input line 692.


Package hyperref Warning: Token not allowed in a PDF string (PDFDocEncoding):
(hyperref)                removing `\mathsurround' on input line 692.


Package hyperref Warning: Token not allowed in a PDF string (PDFDocEncoding):
(hyperref)                removing `\z@' on input line 692.


Package hyperref Warning: Token not allowed in a PDF string (PDFDocEncoding):
(hyperref)                removing `\displaystyle' on input line 692.


Package hyperref Warning: Token not allowed in a PDF string (PDFDocEncoding):
(hyperref)                removing `\nabla' on input line 692.


Package hyperref Warning: Token not allowed in a PDF string (PDFDocEncoding):
(hyperref)                removing `math shift' on input line 692.


Package hyperref Warning: Token not allowed in a PDF string (PDFDocEncoding):
(hyperref)                removing `\hbox' on input line 692.


Package hyperref Warning: Token not allowed in a PDF string (PDFDocEncoding):
(hyperref)                removing `math shift' on input line 692.


Package hyperref Warning: Token not allowed in a PDF string (PDFDocEncoding):
(hyperref)                removing `\mathsurround' on input line 692.


Package hyperref Warning: Token not allowed in a PDF string (PDFDocEncoding):
(hyperref)                removing `\z@' on input line 692.


Package hyperref Warning: Token not allowed in a PDF string (PDFDocEncoding):
(hyperref)                removing `\textstyle' on input line 692.


Package hyperref Warning: Token not allowed in a PDF string (PDFDocEncoding):
(hyperref)                removing `\nabla' on input line 692.


Package hyperref Warning: Token not allowed in a PDF string (PDFDocEncoding):
(hyperref)                removing `math shift' on input line 692.


Package hyperref Warning: Token not allowed in a PDF string (PDFDocEncoding):
(hyperref)                removing `\hbox' on input line 692.


Package hyperref Warning: Token not allowed in a PDF string (PDFDocEncoding):
(hyperref)                removing `math shift' on input line 692.


Package hyperref Warning: Token not allowed in a PDF string (PDFDocEncoding):
(hyperref)                removing `\mathsurround' on input line 692.


Package hyperref Warning: Token not allowed in a PDF string (PDFDocEncoding):
(hyperref)                removing `\z@' on input line 692.


Package hyperref Warning: Token not allowed in a PDF string (PDFDocEncoding):
(hyperref)                removing `\scriptstyle' on input line 692.


Package hyperref Warning: Token not allowed in a PDF string (PDFDocEncoding):
(hyperref)                removing `\nabla' on input line 692.


Package hyperref Warning: Token not allowed in a PDF string (PDFDocEncoding):
(hyperref)                removing `math shift' on input line 692.


Package hyperref Warning: Token not allowed in a PDF string (PDFDocEncoding):
(hyperref)                removing `\hbox' on input line 692.


Package hyperref Warning: Token not allowed in a PDF string (PDFDocEncoding):
(hyperref)                removing `math shift' on input line 692.


Package hyperref Warning: Token not allowed in a PDF string (PDFDocEncoding):
(hyperref)                removing `\mathsurround' on input line 692.


Package hyperref Warning: Token not allowed in a PDF string (PDFDocEncoding):
(hyperref)                removing `\z@' on input line 692.


Package hyperref Warning: Token not allowed in a PDF string (PDFDocEncoding):
(hyperref)                removing `\scriptscriptstyle' on input line 692.


Package hyperref Warning: Token not allowed in a PDF string (PDFDocEncoding):
(hyperref)                removing `\nabla' on input line 692.


Package hyperref Warning: Token not allowed in a PDF string (PDFDocEncoding):
(hyperref)                removing `math shift' on input line 692.


Package hyperref Warning: Token not allowed in a PDF string (PDFDocEncoding):
(hyperref)                removing `\endgroup' on input line 692.


Package hyperref Warning: Token not allowed in a PDF string (PDFDocEncoding):
(hyperref)                removing `\cdot' on input line 692.


Package hyperref Warning: Token not allowed in a PDF string (PDFDocEncoding):
(hyperref)                removing `math shift' on input line 692.

<constraint_equation.pdf, id=1846, 578.16pt x 565.11125pt>
File: constraint_equation.pdf Graphic file (type pdf)

<use constraint_equation.pdf>
Package pdftex.def Info: constraint_equation.pdf used on input line 697.
(pdftex.def)             Requested size: 256.0748pt x 250.28806pt.

Overfull \hbox (23.24408pt too wide) has occurred while \output is active
[]
 []

[40]
Overfull \hbox (23.24408pt too wide) has occurred while \output is active
[]
 []

[41] <sutherland.pdf, id=1897, 794.97pt x 614.295pt>
File: sutherland.pdf Graphic file (type pdf)
 <use sutherland.pdf>
Package pdftex.def Info: sutherland.pdf used on input line 814.
(pdftex.def)             Requested size: 794.96806pt x 614.29349pt.

<cool_compare.pdf, id=1903, 836.12375pt x 559.08875pt>
File: cool_compare.pdf Graphic file (type pdf)
 <use cool_compare.pdf>
Package pdftex.def Info: cool_compare.pdf used on input line 840.
(pdftex.def)             Requested size: 199.16928pt x 133.17737pt.

Overfull \hbox (23.24408pt too wide) has occurred while \output is active
[]
 []

[42] <amr_demo.pdf, id=1925, 1256.695pt x 397.485pt>
File: amr_demo.pdf Graphic file (type pdf)
 <use amr_demo.pdf>
Package pdftex.def Info: amr_demo.pdf used on input line 913.
(pdftex.def)             Requested size: 227.62204pt x 71.99303pt.

Overfull \hbox (23.24408pt too wide) has occurred while \output is active
[]
 []

[43] <amr.pdf, id=1938, 863.225pt x 145.54375pt>
File: amr.pdf Graphic file (type pdf)
 <use amr.pdf>
Package pdftex.def Info: amr.pdf used on input line 937.
(pdftex.def)             Requested size: 426.79134pt x 71.95886pt.

Overfull \hbox (23.24408pt too wide) has occurred while \output is active
[]
 []

[44])
Overfull \hbox (23.24408pt too wide) has occurred while \output is active
[]
 []

[45]
Overfull \hbox (23.24408pt too wide) has occurred while \output is active
[]
 []

[46 <./cooling.pdf>]
Overfull \hbox (23.24408pt too wide) has occurred while \output is active
[]
 []

[47 <./ctu.pdf> <./constraint_equation.pdf>]
Overfull \hbox (23.24408pt too wide) has occurred while \output is active
[]
 []

[48 <./sutherland.pdf, page is rotated 90 degrees> <./cool_compare.pdf> <./amr_
demo.pdf>]
Overfull \hbox (23.24408pt too wide) has occurred while \output is active
[]
 []

[49 <./amr.pdf>]
\openout2 = `Verification.aux'.

 (./Verification.tex
Overfull \hbox (23.24408pt too wide) has occurred while \output is active
[]
 []

[50



]
Chapter 3.
[51]
Overfull \hbox (14.33856pt too wide) in paragraph at lines 55--67
[][] 
 []

<one_d_hd_shocktube.pdf, id=2037, 758.835pt x 570.13pt>
File: one_d_hd_shocktube.pdf Graphic file (type pdf)

<use one_d_hd_shocktube.pdf>
Package pdftex.def Info: one_d_hd_shocktube.pdf used on input line 101.
(pdftex.def)             Requested size: 432.0pt x 324.5773pt.

Overfull \hbox (23.24408pt too wide) has occurred while \output is active
[]
 []

[52] <hdblastwave.pdf, id=2057, 923.45pt x 923.45pt>
File: hdblastwave.pdf Graphic file (type pdf)
 <use hdblastwave.pdf>
Package pdftex.def Info: hdblastwave.pdf used on input line 118.
(pdftex.def)             Requested size: 388.79736pt x 388.79044pt.

<dmr_experimental.pdf, id=2058, 531.18451pt x 302.12875pt>
File: dmr_experimental.pdf Graphic file (type pdf)

<use dmr_experimental.pdf>
Package pdftex.def Info: dmr_experimental.pdf used on input line 134.
(pdftex.def)             Requested size: 345.60132pt x 196.57959pt.

<dmr_initial_conditions.pdf, id=2063, 835.12pt x 208.78pt>
File: dmr_initial_conditions.pdf Graphic file (type pdf)

<use dmr_initial_conditions.pdf>
Package pdftex.def Info: dmr_initial_conditions.pdf used on input line 145.
(pdftex.def)             Requested size: 345.60132pt x 86.39995pt.

Overfull \hbox (23.24408pt too wide) has occurred while \output is active
[]
 []

[53 <./one_d_hd_shocktube.pdf>]
Underfull \vbox (badness 10000) has occurred while \output is active []


Overfull \hbox (23.24408pt too wide) has occurred while \output is active
[]
 []

[54 <./hdblastwave.pdf>]
Overfull \hbox (23.24408pt too wide) has occurred while \output is active
[]
 []

[55 <./dmr_experimental.pdf> <./dmr_initial_conditions.pdf>]
<dmr.pdf, id=2120, 1185.42876pt x 298.11375pt>
File: dmr.pdf Graphic file (type pdf)
 <use dmr.pdf>
Package pdftex.def Info: dmr.pdf used on input line 197.
(pdftex.def)             Requested size: 388.79736pt x 97.77284pt.

<kh2.pdf, id=2133, 1205.50375pt x 746.79pt>
File: kh2.pdf Graphic file (type pdf)
 <use kh2.pdf>
Package pdftex.def Info: kh2.pdf used on input line 209.
(pdftex.def)             Requested size: 227.62204pt x 141.00275pt.

Overfull \hbox (23.24408pt too wide) has occurred while \output is active
[]
 []

[56 <./dmr.pdf>]
<OverStableShockSchematic.pdf, id=2156, 799.98875pt x 430.60875pt>
File: OverStableShockSchematic.pdf Graphic file (type pdf)

<use OverStableShockSchematic.pdf>
Package pdftex.def Info: OverStableShockSchematic.pdf used on input line 243.
(pdftex.def)             Requested size: 227.62204pt x 122.52107pt.

<osrshock.pdf, id=2157, 868.24374pt x 651.43375pt>
File: osrshock.pdf Graphic file (type pdf)
 <use osrshock.pdf>
Package pdftex.def Info: osrshock.pdf used on input line 252.
(pdftex.def)             Requested size: 227.62204pt x 170.78026pt.

(./epslatex/rj1a.tex <epslatex/rj1a.pdf, id=2158, 614.295pt x 794.97pt>
File: epslatex/rj1a.pdf Graphic file (type pdf)

<use epslatex/rj1a.pdf>
Package pdftex.def Info: epslatex/rj1a.pdf used on input line 3.
(pdftex.def)             Requested size: 614.29349pt x 794.96806pt.
) (./epslatex/rj1b.tex
<epslatex/rj1b.pdf, id=2167, 614.295pt x 794.97pt>
File: epslatex/rj1b.pdf Graphic file (type pdf)
 <use epslatex/rj1b.pdf>
Package pdftex.def Info: epslatex/rj1b.pdf used on input line 3.
(pdftex.def)             Requested size: 614.29349pt x 794.96806pt.
)
Overfull \hbox (23.24408pt too wide) has occurred while \output is active
[]
 []

[57 <./kh2.pdf> <./OverStableShockSchematic.pdf>]
Overfull \hbox (23.24408pt too wide) has occurred while \output is active
[]
 []

[58 <./osrshock.pdf>]
Underfull \vbox (badness 10000) has occurred while \output is active []


Overfull \hbox (23.24408pt too wide) has occurred while \output is active
[]
 []

[59 <./epslatex/rj1a.pdf>] <orszag.pdf, id=2225, 1755.55875pt x 1755.55875pt>
File: orszag.pdf Graphic file (type pdf)

<use orszag.pdf>
Package pdftex.def Info: orszag.pdf used on input line 373.
(pdftex.def)             Requested size: 259.20264pt x 259.19716pt.

Overfull \hbox (23.24408pt too wide) has occurred while \output is active
[]
 []

[60 <./epslatex/rj1b.pdf>]
Underfull \vbox (badness 10000) has occurred while \output is active []


Overfull \hbox (23.24408pt too wide) has occurred while \output is active
[]
 []

[61 <./orszag.pdf>] <mhdblastwavemulti.pdf, id=2279, 614.295pt x 794.97pt>
File: mhdblastwavemulti.pdf Graphic file (type pdf)

<use mhdblastwavemulti.pdf>
Package pdftex.def Info: mhdblastwavemulti.pdf used on input line 434.
(pdftex.def)             Requested size: 426.79134pt x 552.32666pt.

Overfull \hbox (23.24408pt too wide) has occurred while \output is active
[]
 []

[62] <atlas_comparison_jet1.pdf, id=2287, 505.89pt x 519.9425pt>
File: atlas_comparison_jet1.pdf Graphic file (type pdf)

<use atlas_comparison_jet1.pdf>
Package pdftex.def Info: atlas_comparison_jet1.pdf used on input line 474.
(pdftex.def)             Requested size: 199.16928pt x 204.70464pt.

<pluto_comparison.pdf, id=2288, 346.29375pt x 403.5075pt>
File: pluto_comparison.pdf Graphic file (type pdf)

<use pluto_comparison.pdf>
Package pdftex.def Info: pluto_comparison.pdf used on input line 477.
(pdftex.def)             Requested size: 199.16928pt x 232.08273pt.

<atlas_mach10_eta1.pdf, id=2290, 433.62pt x 578.16pt>
File: atlas_mach10_eta1.pdf Graphic file (type pdf)

<use atlas_mach10_eta1.pdf>
Package pdftex.def Info: atlas_mach10_eta1.pdf used on input line 505.
(pdftex.def)             Requested size: 199.16928pt x 265.55983pt.

<pluto_mach_10_eta_1.pdf, id=2291, 433.62pt x 578.16pt>
File: pluto_mach_10_eta_1.pdf Graphic file (type pdf)

<use pluto_mach_10_eta_1.pdf>
Package pdftex.def Info: pluto_mach_10_eta_1.pdf used on input line 508.
(pdftex.def)             Requested size: 199.16928pt x 265.55983pt.

Overfull \hbox (23.24408pt too wide) has occurred while \output is active
[]
 []

[63])
Overfull \hbox (23.24408pt too wide) has occurred while \output is active
[]
 []

[64]
Overfull \hbox (23.24408pt too wide) has occurred while \output is active
[]
 []

[65 <./mhdblastwavemulti.pdf>]
Overfull \hbox (23.24408pt too wide) has occurred while \output is active
[]
 []

[66 <./atlas_comparison_jet1.pdf> <./pluto_comparison.pdf> <./atlas_mach10_eta1
.pdf> <./pluto_mach_10_eta_1.pdf>]
\openout2 = `BinaryJets.aux'.

 (./BinaryJets.tex
Chapter 4.

Underfull \vbox (badness 10000) has occurred while \output is active []

 [67



]
Overfull \hbox (16.16367pt too wide) in paragraph at lines 78--95
 [] 
 []


Overfull \hbox (23.24408pt too wide) has occurred while \output is active
[]
 []

[68] <schematic_l1551.pdf, id=2415, 411.5375pt x 411.5375pt>
File: schematic_l1551.pdf Graphic file (type pdf)

<use schematic_l1551.pdf>
Package pdftex.def Info: schematic_l1551.pdf used on input line 153.
(pdftex.def)             Requested size: 142.26378pt x 142.26317pt.

<schematic_hh111.pdf, id=2416, 379.4175pt x 433.62pt>
File: schematic_hh111.pdf Graphic file (type pdf)

<use schematic_hh111.pdf>
Package pdftex.def Info: schematic_hh111.pdf used on input line 156.
(pdftex.def)             Requested size: 142.26378pt x 162.58725pt.

Underfull \vbox (badness 10000) has occurred while \output is active []


Overfull \hbox (23.24408pt too wide) has occurred while \output is active
[]
 []

[69] <FiendishlyGood.pdf, id=2442, 539.01375pt x 767.86874pt>
File: FiendishlyGood.pdf Graphic file (type pdf)

<use FiendishlyGood.pdf>
Package pdftex.def Info: FiendishlyGood.pdf used on input line 197.
(pdftex.def)             Requested size: 227.62204pt x 324.2719pt.
 <LDN1551Cloud.pdf, id=2455, 144.54pt x 127.47626pt>
File: LDN1551Cloud.pdf Graphic file (type pdf)

<use LDN1551Cloud.pdf>
Package pdftex.def Info: LDN1551Cloud.pdf used on input line 211.
(pdftex.def)             Requested size: 432.0pt x 381.02147pt.

Underfull \vbox (badness 1199) has occurred while \output is active []


Overfull \hbox (23.24408pt too wide) has occurred while \output is active
[]
 []

[70 <./schematic_l1551.pdf> <./schematic_hh111.pdf>]
Underfull \vbox (badness 10000) has occurred while \output is active []


Overfull \hbox (23.24408pt too wide) has occurred while \output is active
[]
 []

[71 <./FiendishlyGood.pdf>]
Underfull \vbox (badness 10000) has occurred while \output is active []


Overfull \hbox (23.24408pt too wide) has occurred while \output is active
[]
 []

[72 <./LDN1551Cloud.pdf>]
<l1551_small.pdf, id=2548, 460.72125pt x 390.45876pt>
File: l1551_small.pdf Graphic file (type pdf)
 <use l1551_small.pdf>
Package pdftex.def Info: l1551_small.pdf used on input line 314.
(pdftex.def)             Requested size: 227.62204pt x 192.9053pt.

Overfull \hbox (23.24408pt too wide) has occurred while \output is active
[]
 []

[73]
Overfull \hbox (23.24408pt too wide) has occurred while \output is active
[]
 []

[74] <3d_slice.pdf, id=2595, 723.70375pt x 253.94875pt>
File: 3d_slice.pdf Graphic file (type pdf)
 <use 3d_slice.pdf>
Package pdftex.def Info: 3d_slice.pdf used on input line 518.
(pdftex.def)             Requested size: 227.62204pt x 79.87415pt.

Overfull \hbox (23.24408pt too wide) has occurred while \output is active
[]
 []

[75 <./l1551_small.pdf>]
Overfull \hbox (23.24408pt too wide) has occurred while \output is active
[]
 []

[76] <3d_mhd_twin_jet.pdf, id=2623, 1296.845pt x 598.235pt>
File: 3d_mhd_twin_jet.pdf Graphic file (type pdf)

<use 3d_mhd_twin_jet.pdf>
Package pdftex.def Info: 3d_mhd_twin_jet.pdf used on input line 567.
(pdftex.def)             Requested size: 432.0pt x 199.28033pt.

Underfull \vbox (badness 10000) has occurred while \output is active []


Overfull \hbox (23.24408pt too wide) has occurred while \output is active
[]
 []

[77 <./3d_slice.pdf> <./3d_mhd_twin_jet.pdf>]
<3d_surface.pdf, id=2635, 614.295pt x 794.97pt>
File: 3d_surface.pdf Graphic file (type pdf)
 <use 3d_surface.pdf>
Package pdftex.def Info: 3d_surface.pdf used on input line 605.
(pdftex.def)             Requested size: 227.62204pt x 294.57098pt.

Overfull \hbox (23.24408pt too wide) has occurred while \output is active
[]
 []

[78 <./3d_surface.pdf>] <sii.pdf, id=2652, 1204.5pt x 1003.75pt>
File: sii.pdf Graphic file (type pdf)
 <use sii.pdf>
Package pdftex.def Info: sii.pdf used on input line 679.
(pdftex.def)             Requested size: 432.0pt x 360.00192pt.

Overfull \hbox (23.24408pt too wide) has occurred while \output is active
[]
 []

[79]
Underfull \vbox (badness 10000) has occurred while \output is active []


Overfull \hbox (23.24408pt too wide) has occurred while \output is active
[]
 []

[80 <./sii.pdf>]
Overfull \hbox (23.24408pt too wide) has occurred while \output is active
[]
 []

[81])
Overfull \hbox (23.24408pt too wide) has occurred while \output is active
[]
 []

[82]
\openout2 = `EvacCavity.aux'.

 (./EvacCavity.tex
Chapter 5.

Underfull \vbox (badness 10000) has occurred while \output is active []

 [83



]
<CollimatedJet.pdf, id=2703, 817.0525pt x 451.6875pt>
File: CollimatedJet.pdf Graphic file (type pdf)
 <use CollimatedJet.pdf>
Package pdftex.def Info: CollimatedJet.pdf used on input line 61.
(pdftex.def)             Requested size: 227.62204pt x 125.83066pt.

<circulation.pdf, id=2704, 521.95pt x 450.68375pt>
File: circulation.pdf Graphic file (type pdf)
 <use circulation.pdf>
Package pdftex.def Info: circulation.pdf used on input line 75.
(pdftex.def)             Requested size: 227.62204pt x 196.54097pt.

Overfull \hbox (23.24408pt too wide) has occurred while \output is active
[]
 []

[84 <./CollimatedJet.pdf>]
Overfull \hbox (23.24408pt too wide) has occurred while \output is active
[]
 []

[85 <./circulation.pdf>]
Underfull \vbox (badness 1708) has occurred while \output is active []


Overfull \hbox (23.24408pt too wide) has occurred while \output is active
[]
 []

[86]
Overfull \hbox (23.24408pt too wide) has occurred while \output is active
[]
 []

[87] <flash_evac_cav1.pdf, id=2795, 380.92313pt x 671.00688pt>
File: flash_evac_cav1.pdf Graphic file (type pdf)

<use flash_evac_cav1.pdf>
Package pdftex.def Info: flash_evac_cav1.pdf used on input line 303.
(pdftex.def)             Requested size: 227.62204pt x 400.9588pt.

Overfull \hbox (20.26389pt too wide) in paragraph at lines 303--304
[][] 
 []

<flash_evac_cav2.pdf, id=2796, 380.92313pt x 671.00688pt>
File: flash_evac_cav2.pdf Graphic file (type pdf)

<use flash_evac_cav2.pdf>
Package pdftex.def Info: flash_evac_cav2.pdf used on input line 306.
(pdftex.def)             Requested size: 227.62204pt x 400.9588pt.

Overfull \hbox (20.26389pt too wide) in paragraph at lines 306--307
[][] 
 []


Underfull \vbox (badness 10000) has occurred while \output is active []


Overfull \hbox (23.24408pt too wide) has occurred while \output is active
[]
 []

[88] <flash_ud10_cav.pdf, id=2803, 380.92313pt x 671.00688pt>
File: flash_ud10_cav.pdf Graphic file (type pdf)

<use flash_ud10_cav.pdf>
Package pdftex.def Info: flash_ud10_cav.pdf used on input line 344.
(pdftex.def)             Requested size: 227.62204pt x 400.9588pt.

Overfull \hbox (20.26389pt too wide) in paragraph at lines 344--345
[][] 
 []

<flash_ud_cav.pdf, id=2804, 390.96063pt x 671.00688pt>
File: flash_ud_cav.pdf Graphic file (type pdf)
 <use flash_ud_cav.pdf>
Package pdftex.def Info: flash_ud_cav.pdf used on input line 347.
(pdftex.def)             Requested size: 227.62204pt x 390.66888pt.

Overfull \hbox (20.26389pt too wide) in paragraph at lines 347--348
[][] 
 []

<cool_cav.pdf, id=2806, 380.92313pt x 671.00688pt>
File: cool_cav.pdf Graphic file (type pdf)
 <use cool_cav.pdf>
Package pdftex.def Info: cool_cav.pdf used on input line 384.
(pdftex.def)             Requested size: 227.62204pt x 400.9588pt.

Overfull \hbox (20.26389pt too wide) in paragraph at lines 384--385
[][] 
 []

<cool_cdam.pdf, id=2807, 380.92313pt x 671.00688pt>
File: cool_cdam.pdf Graphic file (type pdf)
 <use cool_cdam.pdf>
Package pdftex.def Info: cool_cdam.pdf used on input line 387.
(pdftex.def)             Requested size: 227.62204pt x 400.9588pt.

Overfull \hbox (20.26389pt too wide) in paragraph at lines 387--388
[][] 
 []


Overfull \hbox (23.24408pt too wide) has occurred while \output is active
[]
 []

[89] <cool_pulse_cav.pdf, id=2815, 380.92313pt x 671.00688pt>
File: cool_pulse_cav.pdf Graphic file (type pdf)

<use cool_pulse_cav.pdf>
Package pdftex.def Info: cool_pulse_cav.pdf used on input line 432.
(pdftex.def)             Requested size: 227.62204pt x 400.9588pt.

Overfull \hbox (20.26389pt too wide) in paragraph at lines 432--433
[][] 
 []

<cool_pulse_cdam.pdf, id=2816, 380.92313pt x 671.00688pt>
File: cool_pulse_cdam.pdf Graphic file (type pdf)

<use cool_pulse_cdam.pdf>
Package pdftex.def Info: cool_pulse_cdam.pdf used on input line 435.
(pdftex.def)             Requested size: 227.62204pt x 400.9588pt.

Overfull \hbox (20.26389pt too wide) in paragraph at lines 435--436
[][] 
 []

<3dnogradden.pdf, id=2821, 397.485pt x 682.55pt>
File: 3dnogradden.pdf Graphic file (type pdf)
 <use 3dnogradden.pdf>
Package pdftex.def Info: 3dnogradden.pdf used on input line 521.
(pdftex.def)             Requested size: 227.62204pt x 390.88014pt.

Overfull \hbox (20.26389pt too wide) in paragraph at lines 521--522
[][] 
 []

<3dgradden.pdf, id=2822, 397.485pt x 682.55pt>
File: 3dgradden.pdf Graphic file (type pdf)
 <use 3dgradden.pdf>
Package pdftex.def Info: 3dgradden.pdf used on input line 524.
(pdftex.def)             Requested size: 227.62204pt x 390.88014pt.

Overfull \hbox (20.26389pt too wide) in paragraph at lines 524--525
[][] 
 []

<3dnograd.pdf, id=2823, 433.62pt x 650.43pt>
File: 3dnograd.pdf Graphic file (type pdf)
 <use 3dnograd.pdf>
Package pdftex.def Info: 3dnograd.pdf used on input line 539.
(pdftex.def)             Requested size: 227.62204pt x 341.43124pt.

Overfull \hbox (20.26389pt too wide) in paragraph at lines 539--540
[][] 
 []

<3dgrad.pdf, id=2824, 433.62pt x 650.43pt>
File: 3dgrad.pdf Graphic file (type pdf)
 <use 3dgrad.pdf>
Package pdftex.def Info: 3dgrad.pdf used on input line 542.
(pdftex.def)             Requested size: 227.62204pt x 341.43124pt.

Overfull \hbox (20.26389pt too wide) in paragraph at lines 542--543
[][] 
 []


Overfull \hbox (23.24408pt too wide) has occurred while \output is active
[]
 []

[90])
Overfull \hbox (23.24408pt too wide) has occurred while \output is active
[]
 []

[91]
Overfull \hbox (23.24408pt too wide) has occurred while \output is active
[]
 []

[92]
Overfull \hbox (23.24408pt too wide) has occurred while \output is active
[]
 []

[93 <./flash_evac_cav1.pdf> <./flash_evac_cav2.pdf>]
Overfull \hbox (23.24408pt too wide) has occurred while \output is active
[]
 []

[94 <./flash_ud10_cav.pdf> <./flash_ud_cav.pdf>]
Overfull \hbox (23.24408pt too wide) has occurred while \output is active
[]
 []

[95 <./cool_cav.pdf> <./cool_cdam.pdf>]
Overfull \hbox (23.24408pt too wide) has occurred while \output is active
[]
 []

[96 <./cool_pulse_cav.pdf> <./cool_pulse_cdam.pdf>]
Overfull \hbox (23.24408pt too wide) has occurred while \output is active
[]
 []

[97 <./3dnogradden.pdf> <./3dgradden.pdf>]
Overfull \hbox (23.24408pt too wide) has occurred while \output is active
[]
 []

[98 <./3dnograd.pdf> <./3dgrad.pdf>]
\openout2 = `Conclusion.aux'.

 (./Conclusion.tex
Chapter 6.

Underfull \vbox (badness 10000) has occurred while \output is active []

 [99



]
Underfull \vbox (badness 10000) has occurred while \output is active []


Overfull \hbox (23.24408pt too wide) has occurred while \output is active
[]
 []

[100]
Overfull \hbox (23.24408pt too wide) has occurred while \output is active
[]
 []

[101]
Underfull \vbox (badness 10000) has occurred while \output is active []


Overfull \hbox (23.24408pt too wide) has occurred while \output is active
[]
 []

[102]
Underfull \vbox (badness 1629) has occurred while \output is active []


Overfull \hbox (23.24408pt too wide) has occurred while \output is active
[]
 []

[103] <finalthes.pdf, id=2954, 614.295pt x 794.97pt>
File: finalthes.pdf Graphic file (type pdf)
 <use finalthes.pdf>
Package pdftex.def Info: finalthes.pdf used on input line 241.
(pdftex.def)             Requested size: 461.72305pt x 597.50787pt.

Overfull \hbox (29.72305pt too wide) in paragraph at lines 241--248
 [][] 
 []


LaTeX Warning: Float too large for page by 24.06303pt on input line 250.

)
Overfull \hbox (23.24408pt too wide) has occurred while \output is active
[]
 []

[104]
Overfull \hbox (23.24408pt too wide) has occurred while \output is active
[]
 []

[105 <./finalthes.pdf>] (./thesis.bbl
Overfull \hbox (23.24408pt too wide) has occurred while \output is active
[]
 []

[106


] [107]
Overfull \hbox (23.24408pt too wide) has occurred while \output is active
[]
 []

[108]
Overfull \hbox (23.24408pt too wide) has occurred while \output is active
[]
 []

[109]
Overfull \hbox (23.24408pt too wide) has occurred while \output is active
[]
 []

[110]
Overfull \hbox (23.24408pt too wide) has occurred while \output is active
[]
 []

[111]
Overfull \hbox (23.24408pt too wide) has occurred while \output is active
[]
 []

[112]
Overfull \hbox (23.24408pt too wide) has occurred while \output is active
[]
 []

[113]
Overfull \hbox (23.24408pt too wide) has occurred while \output is active
[]
 []

[114]
Overfull \hbox (23.24408pt too wide) has occurred while \output is active
[]
 []

[115]
Overfull \hbox (23.24408pt too wide) has occurred while \output is active
[]
 []

[116]
Overfull \hbox (23.24408pt too wide) has occurred while \output is active
[]
 []

[117])
Overfull \hbox (23.24408pt too wide) has occurred while \output is active
[]
 []

[118]
\openout2 = `Index.aux'.

 (./Index.tex
Appendix A.
[119


])
Overfull \hbox (23.24408pt too wide) has occurred while \output is active
[]
 []

[120]
\openout2 = `MHD.aux'.

 (./MHD.tex
Appendix B.
[121



]
Overfull \hbox (23.24408pt too wide) has occurred while \output is active
[]
 []

[122])
Overfull \hbox (23.24408pt too wide) has occurred while \output is active
[]
 []

[123]
Package minitoc Info: I0009
(minitoc)             Listing minitoc auxiliary files. 
(minitoc)             Creating the thesis.maf file.
\openout3 = `thesis.maf'.



Package minitoc(hints) Warning: W0078
(minitoc(hints))                You have used \dominitoc, 
(minitoc(hints))                but not \minitoc.


Package minitoc(hints) Warning: W0024
(minitoc(hints))                Some hints have been written 
(minitoc(hints))                in the thesis.log file.

Package atveryend Info: Empty hook `BeforeClearDocument' on input line 94.
Package atveryend Info: Empty hook `AfterLastShipout' on input line 94.
(./thesis.aux (./titlepage.aux) (./Introduction.aux) (./NumericalMethod.aux)
(./Verification.aux) (./BinaryJets.aux) (./EvacCavity.aux) (./Conclusion.aux)
(./Index.aux) (./MHD.aux))
Package atveryend Info: Executing hook `AtVeryEndDocument' on input line 94.
Package atveryend Info: Executing hook `AtEndAfterFileList' on input line 94.
Package rerunfilecheck Info: File `thesis.out' has not changed.
(rerunfilecheck)             Checksum: 7BA0EF9BEFF68C80DE350C145499F63C;9103.
Package atveryend Info: Empty hook `AtVeryVeryEnd' on input line 94.
 ) 
Here is how much of TeX's memory you used:
 12051 strings out of 492995
 177854 string characters out of 6132705
 322255 words of memory out of 5000000
 14300 multiletter control sequences out of 15000+600000
 44231 words of font info for 105 fonts, out of 8000000 for 9000
 1141 hyphenation exceptions out of 8191
 32i,12n,40p,1978b,907s stack positions out of 5000i,500n,10000p,200000b,80000s
{/usr/local/texlive/2017/texmf-dist/fonts/enc/dvips/base/8r.enc}</usr/local/t
exlive/2017/texmf-dist/fonts/type1/public/amsfonts/cm/cmbsy10.pfb></usr/local/t
exlive/2017/texmf-dist/fonts/type1/public/amsfonts/cm/cmbx10.pfb></usr/local/te
xlive/2017/texmf-dist/fonts/type1/public/amsfonts/cm/cmbx12.pfb></usr/local/tex
live/2017/texmf-dist/fonts/type1/public/amsfonts/cm/cmbx8.pfb></usr/local/texli
ve/2017/texmf-dist/fonts/type1/public/amsfonts/cm/cmex10.pfb></usr/local/texliv
e/2017/texmf-dist/fonts/type1/public/amsfonts/cmextra/cmex9.pfb></usr/local/tex
live/2017/texmf-dist/fonts/type1/public/amsfonts/cm/cmmi10.pfb></usr/local/texl
ive/2017/texmf-dist/fonts/type1/public/amsfonts/cm/cmmi6.pfb></usr/local/texliv
e/2017/texmf-dist/fonts/type1/public/amsfonts/cm/cmmi8.pfb></usr/local/texlive/
2017/texmf-dist/fonts/type1/public/amsfonts/cm/cmmi9.pfb></usr/local/texlive/20
17/texmf-dist/fonts/type1/public/amsfonts/cm/cmmib10.pfb></usr/local/texlive/20
17/texmf-dist/fonts/type1/public/amsfonts/cmextra/cmmib8.pfb></usr/local/texliv
e/2017/texmf-dist/fonts/type1/public/amsfonts/cm/cmr10.pfb></usr/local/texlive/
2017/texmf-dist/fonts/type1/public/amsfonts/cm/cmr12.pfb></usr/local/texlive/20
17/texmf-dist/fonts/type1/public/amsfonts/cm/cmr6.pfb></usr/local/texlive/2017/
texmf-dist/fonts/type1/public/amsfonts/cm/cmr8.pfb></usr/local/texlive/2017/tex
mf-dist/fonts/type1/public/amsfonts/cm/cmr9.pfb></usr/local/texlive/2017/texmf-
dist/fonts/type1/public/amsfonts/cm/cmsy10.pfb></usr/local/texlive/2017/texmf-d
ist/fonts/type1/public/amsfonts/cm/cmsy6.pfb></usr/local/texlive/2017/texmf-dis
t/fonts/type1/public/amsfonts/cm/cmsy8.pfb></usr/local/texlive/2017/texmf-dist/
fonts/type1/public/amsfonts/cm/cmsy9.pfb></usr/local/texlive/2017/texmf-dist/fo
nts/type1/urw/bookman/ubkd8a.pfb></usr/local/texlive/2017/texmf-dist/fonts/type
1/urw/times/utmb8a.pfb></usr/local/texlive/2017/texmf-dist/fonts/type1/urw/time
s/utmr8a.pfb></usr/local/texlive/2017/texmf-dist/fonts/type1/urw/times/utmr8a.p
fb></usr/local/texlive/2017/texmf-dist/fonts/type1/urw/times/utmri8a.pfb>
Output written on thesis.pdf (147 pages, 3698263 bytes).
PDF statistics:
 3300 PDF objects out of 3580 (max. 8388607)
 2908 compressed objects within 30 object streams
 691 named destinations out of 1000 (max. 500000)
 1299 words of extra memory for PDF output out of 10000 (max. 10000000)

